<?xml version="1.0" encoding="UTF-8"?>
<testsuite name="The user wants to register into this page" tests="1" skipped="0" failures="0" errors="0" timestamp="2023-03-30T01:18:37" hostname="LAPTOP-MUKU1ITQ" time="10.015">
  <properties/>
  <testcase name="The user star the process to register" classname="The user wants to register into this page" time="10.015"/>
  <system-out><![CDATA[]]></system-out>
  <system-err><![CDATA[mar 29, 2023 8:18:37 PM org.openqa.selenium.remote.DesiredCapabilities chrome
INFORMACIÓN: Using `new ChromeOptions()` is preferred to `DesiredCapabilities.chrome()`
Starting ChromeDriver 111.0.5563.64 (c710e93d5b63b7095afe8c2c17df34408078439d-refs/branch-heads/5563@{#995}) on port 57841
Only local connections are allowed.
Please see https://chromedriver.chromium.org/security-considerations for suggestions on keeping ChromeDriver safe.
ChromeDriver was started successfully.
mar 29, 2023 8:18:39 PM org.openqa.selenium.remote.ProtocolHandshake createSession
INFORMACIÓN: Detected dialect: W3C
]]></system-err>
</testsuite>
